<!DOCTYPE html>
<html>
<head>
<meta http-equiv="Content-Type" content="text/html; charset=utf-8"/>
<meta http-equiv="x-ua-compatible" content="IE=edge"/>
<title>Test results - Class NewTours Register</title>
<link href="../css/base-style.css" rel="stylesheet" type="text/css"/>
<link href="../css/style.css" rel="stylesheet" type="text/css"/>
<script src="../js/report.js" type="text/javascript"></script>
</head>
<body>
<div id="content">
<h1>Class NewTours Register</h1>
<div class="breadcrumbs">
<a href="../index.html">all</a> &gt; 
<a href="../packages/default-package.html">default-package</a> &gt; NewTours Register</div>
<div id="summary">
<table>
<tr>
<td>
<div class="summaryGroup">
<table>
<tr>
<td>
<div class="infoBox" id="tests">
<div class="counter">2</div>
<p>tests</p>
</div>
</td>
<td>
<div class="infoBox" id="failures">
<div class="counter">2</div>
<p>failures</p>
</div>
</td>
<td>
<div class="infoBox" id="ignored">
<div class="counter">0</div>
<p>ignored</p>
</div>
</td>
<td>
<div class="infoBox" id="duration">
<div class="counter">14.603s</div>
<p>duration</p>
</div>
</td>
</tr>
</table>
</div>
</td>
<td>
<div class="infoBox failures" id="successRate">
<div class="percent">0%</div>
<p>successful</p>
</div>
</td>
</tr>
</table>
</div>
<div id="tabs">
<ul class="tabLinks">
<li>
<a href="#tab0">Failed tests</a>
</li>
<li>
<a href="#tab1">Tests</a>
</li>
<li>
<a href="#tab2">Standard output</a>
</li>
<li>
<a href="#tab3">Standard error</a>
</li>
</ul>
<div id="tab0" class="tab">
<h2>Failed tests</h2>
<div class="test">
<a name="NewTours Register"></a>
<h3 class="failures">NewTours Register</h3>
<span class="code">
<pre>java.lang.AssertionError: No Aplication Connection - Expected button
Expected: is &lt;true&gt;
     but: was &lt;false&gt;
	at net.serenitybdd.screenplay.ErrorTally.throwSummaryExceptionFrom(ErrorTally.java:36)
	at net.serenitybdd.screenplay.ErrorTally.reportAnyErrors(ErrorTally.java:30)
	at net.serenitybdd.screenplay.Actor.should(Actor.java:244)
	at com.newtours.stepsdefinition.NewToursRegisterStepsDef.userIsInNewToursRegisterPage(NewToursRegisterStepsDef.java:67)
	at ✽.User is in NewTours Register Page(src/test/resources/features/newTours_register.feature:9)
</pre>
</span>
</div>
<div class="test">
<a name="NewTours Register"></a>
<h3 class="failures">NewTours Register</h3>
<span class="code">
<pre>java.lang.AssertionError: No Aplication Connection - Expected button
Expected: is &lt;true&gt;
     but: was &lt;false&gt;
	at net.serenitybdd.screenplay.ErrorTally.throwSummaryExceptionFrom(ErrorTally.java:36)
	at net.serenitybdd.screenplay.ErrorTally.reportAnyErrors(ErrorTally.java:30)
	at net.serenitybdd.screenplay.Actor.should(Actor.java:244)
	at com.newtours.stepsdefinition.NewToursRegisterStepsDef.userIsInNewToursRegisterPage(NewToursRegisterStepsDef.java:67)
	at ✽.User is in NewTours Register Page(src/test/resources/features/newTours_register.feature:9)
</pre>
</span>
</div>
</div>
<div id="tab1" class="tab">
<h2>Tests</h2>
<table>
<thead>
<tr>
<th>Test</th>
<th>Duration</th>
<th>Result</th>
</tr>
</thead>
<tr>
<td class="failures">NewTours Register</td>
<td class="failures">7.484s</td>
<td class="failures">failed</td>
</tr>
<tr>
<td class="failures">NewTours Register</td>
<td class="failures">7.119s</td>
<td class="failures">failed</td>
</tr>
</table>
</div>
<div id="tab2" class="tab">
<h2>Standard output</h2>
<span class="code">
<pre>    Given User is in NewTours Register Page # NewToursRegisterStepsDef.userIsInNewToursRegisterPage()
      java.lang.AssertionError: No Aplication Connection - Expected button
Expected: is &lt;true&gt;
     but: was &lt;false&gt;
	at net.serenitybdd.screenplay.ErrorTally.throwSummaryExceptionFrom(ErrorTally.java:36)
	at net.serenitybdd.screenplay.ErrorTally.reportAnyErrors(ErrorTally.java:30)
	at net.serenitybdd.screenplay.Actor.should(Actor.java:244)
	at com.newtours.stepsdefinition.NewToursRegisterStepsDef.userIsInNewToursRegisterPage(NewToursRegisterStepsDef.java:67)
	at ?.User is in NewTours Register Page(src/test/resources/features/newTours_register.feature:9)


  @NewTours @Register
  Scenario Outline: NewTours Register  # src/test/resources/features/newTours_register.feature:22
    When User fill the form info 0     # NewToursRegisterStepsDef.userFillTheFormInfo(int,RegisterData&gt;)
    And User sumbit on register button # NewToursRegisterStepsDef.userSumbitOnRegisterButton()
    Then User successful registered    # NewToursRegisterStepsDef.userSuccessfulRegistered()
    Given User is in NewTours Register Page # NewToursRegisterStepsDef.userIsInNewToursRegisterPage()
      java.lang.AssertionError: No Aplication Connection - Expected button
Expected: is &lt;true&gt;
     but: was &lt;false&gt;
	at net.serenitybdd.screenplay.ErrorTally.throwSummaryExceptionFrom(ErrorTally.java:36)
	at net.serenitybdd.screenplay.ErrorTally.reportAnyErrors(ErrorTally.java:30)
	at net.serenitybdd.screenplay.Actor.should(Actor.java:244)
	at com.newtours.stepsdefinition.NewToursRegisterStepsDef.userIsInNewToursRegisterPage(NewToursRegisterStepsDef.java:67)
	at ?.User is in NewTours Register Page(src/test/resources/features/newTours_register.feature:9)


  @NewTours @Register
  Scenario Outline: NewTours Register  # src/test/resources/features/newTours_register.feature:23
    When User fill the form info 1     # NewToursRegisterStepsDef.userFillTheFormInfo(int,RegisterData&gt;)
    And User sumbit on register button # NewToursRegisterStepsDef.userSumbitOnRegisterButton()
    Then User successful registered    # NewToursRegisterStepsDef.userSuccessfulRegistered()
</pre>
</span>
</div>
<div id="tab3" class="tab">
<h2>Standard error</h2>
<span class="code">
<pre>oct 24, 2018 9:38:59 AM org.openqa.selenium.remote.ProtocolHandshake createSession
INFORMACIÓN: Detected dialect: OSS
[Test worker] ERROR net.thucydides.core.steps.ConsoleLoggingListener - 
           __  _____ _____ ____ _____   _____ _    ___ _     _____ ____  
  _       / / |_   _| ____/ ___|_   _| |  ___/ \  |_ _| |   | ____|  _ \ 
 (_)_____| |    | | |  _| \___ \ | |   | |_ / _ \  | || |   |  _| | | | |
  _|_____| |    | | | |___ ___) || |   |  _/ ___ \ | || |___| |___| |_| |
 (_)     | |    |_| |_____|____/ |_|   |_|/_/   \_\___|_____|_____|____/ 
          \_\                                                            

TEST FAILED: NewTours Register
--------------------------------------------------------------------------
[Test worker] ERROR net.thucydides.core.steps.ConsoleLoggingListener - TEST FAILED AT STEP Then button
[Test worker] ERROR net.thucydides.core.steps.ConsoleLoggingListener - No Aplication Connection - Expected buttonExpected: is &lt;true&gt; but: was &lt;false&gt;
oct 24, 2018 9:39:06 AM org.openqa.selenium.remote.ProtocolHandshake createSession
INFORMACIÓN: Detected dialect: OSS
</pre>
</span>
</div>
</div>
<div id="footer">
<p>
<div>
<label class="hidden" id="label-for-line-wrapping-toggle" for="line-wrapping-toggle">Wrap lines
<input id="line-wrapping-toggle" type="checkbox" autocomplete="off"/>
</label>
</div>Generated by 
<a href="http://www.gradle.org">Gradle 4.10.2</a> at 24-oct-2018 9:39:13</p>
</div>
</div>
</body>
</html>
